<?xml version="1.0" encoding="UTF-8"?>
<testsuite name="com.jllucini.calculator.CalculatorTest" tests="1" skipped="0" failures="0" errors="0" timestamp="2018-01-01T22:41:50" hostname="MacBook-Pro-de-Jose.local" time="0.0">
  <properties/>
  <testcase name="testSum" classname="com.jllucini.calculator.CalculatorTest" time="0.0"/>
  <system-out><![CDATA[]]></system-out>
  <system-err><![CDATA[]]></system-err>
</testsuite>
